2026/06/21 15:35:47 API server listening on :8080
2026/06/21 15:36:49 GET /api/v1/notifications/summary 1.3412696s
2026/06/21 15:39:08 GET /api/v1/chat/summary 2.5791252s
2026/06/21 15:40:50 GET /api/v1/notifications/summary 33.6735ms
2026/06/21 15:45:12 GET /api/v1/chat/summary 32.9854ms
2026/06/21 15:46:09 GET /api/v1/notifications/summary 42.2086ms
2026/06/21 15:46:09 GET /api/v1/chat/summary 161.7077ms
2026/06/21 15:48:49 POST /api/v1/auth/login 1.9145603s
2026/06/21 15:49:15 GET /api/v1/auth/me 23.8623ms
2026/06/21 15:49:15 GET /api/v1/auth/me 14.5574ms
2026/06/21 15:49:15 GET /api/v1/pairings/me 42.9235ms
2026/06/21 15:49:17 GET /api/v1/chat/summary 37.372ms
2026/06/21 15:49:17 GET /api/v1/notifications/summary 63.6773ms
2026/06/21 15:49:19 GET /api/v1/dashboard/smart-alerts 136.2586ms
2026/06/21 15:49:19 GET /api/v1/dashboard/home 174.3494ms
2026/06/21 15:49:20 GET /api/v1/auth/me 96.6713ms
2026/06/21 15:49:20 GET /api/v1/auth/me 23.7825ms
2026/06/21 15:49:20 GET /api/v1/pairings/me 16.156ms
2026/06/21 15:49:20 GET /api/v1/notifications/summary 21.4222ms
2026/06/21 15:49:21 GET /api/v1/chat/summary 47.2879ms
2026/06/21 15:49:21 GET /api/v1/candidates/50a8a7ef-60d3-40af-8f59-08dccc287016 479.2753ms
2026/06/21 15:49:27 POST /api/v1/auth/login 1.6081214s
2026/06/21 15:49:30 GET /api/v1/dashboard/home 121.856ms
2026/06/21 15:49:30 GET /api/v1/auth/me 15.06ms
2026/06/21 15:49:30 GET /api/v1/auth/me 8.3975ms
2026/06/21 15:49:30 GET /api/v1/pairings/me 22.3342ms
2026/06/21 15:49:31 GET /api/v1/notifications/summary 9.2524ms
2026/06/21 15:49:31 GET /api/v1/chat/summary 13.7868ms
2026/06/21 15:49:34 GET /api/v1/dashboard/home 121.2056ms
2026/06/21 15:49:39 GET /api/v1/candidates 126.2829ms
2026/06/21 15:49:47 GET /api/v1/chat/summary 49.9974ms
2026/06/21 15:50:01 GET /api/v1/chat/summary 142.8493ms
2026/06/21 15:50:08 GET /api/v1/candidates 104.4104ms
2026/06/21 15:50:17 GET /api/v1/notifications/summary 32.887ms
2026/06/21 15:50:17 GET /api/v1/chat/summary 21.1833ms
2026/06/21 15:50:38 passport OCR parse failed: passport OCR could not parse the image: OCR produced invalid MRZ output: ocrb: tesseract CLI timed out after 7s for language ocrb; eng: tesseract CLI timed out after 7s for language eng
2026/06/21 15:50:38 POST /api/v1/candidates/passport/parse-preview 18.2400894s
2026/06/21 15:50:47 GET /api/v1/chat/summary 19.2162ms
2026/06/21 15:54:17 GET /api/v1/notifications/summary 82.3066ms
2026/06/21 15:54:17 GET /api/v1/chat/summary 27.9102ms
2026/06/21 15:54:43 POST /api/v1/candidates 195.1364ms
2026/06/21 15:54:47 POST /api/v1/candidates/7f3cb3f3-f4b0-4428-bbf0-e3b994238e64/documents 4.1779911s
2026/06/21 15:54:48 POST /api/v1/candidates/7f3cb3f3-f4b0-4428-bbf0-e3b994238e64/documents 4.4839931s
2026/06/21 15:54:48 try_auto_generate_cv: generating default CV for candidate=7f3cb3f3-f4b0-4428-bbf0-e3b994238e64
2026/06/21 15:54:48 try_auto_generate_cv: generating default CV for candidate=7f3cb3f3-f4b0-4428-bbf0-e3b994238e64
2026/06/21 15:54:48 GET /api/v1/chat/summary 1.0162695s
2026/06/21 15:54:58 candidate_service: passport OCR skipped for candidate 7f3cb3f3-f4b0-4428-bbf0-e3b994238e64: passport OCR could not parse the image: OCR produced invalid MRZ output: ocrb: tesseract CLI timed out after 7s for language ocrb; eng: MRZ line1 must be 44 characters
2026/06/21 15:54:59 GET /api/v1/chat/summary 48.4045ms
2026/06/21 15:55:21 GET /api/v1/pairings/me 75.4583ms
2026/06/21 15:55:21 GET /api/v1/candidates/7f3cb3f3-f4b0-4428-bbf0-e3b994238e64 102.7706ms
2026/06/21 15:55:21 GET /api/v1/auth/me 11.5178ms
2026/06/21 15:55:22 GET /api/v1/auth/me 12.4597ms
2026/06/21 15:55:22 GET /api/v1/candidates/7f3cb3f3-f4b0-4428-bbf0-e3b994238e64/shares 31.8595ms
2026/06/21 15:55:22 GET /api/v1/pairings/me 26.4211ms
2026/06/21 15:55:23 GET /api/v1/notifications/summary 21.6723ms
2026/06/21 15:55:23 GET /api/v1/chat/summary 91.9654ms
2026/06/21 15:55:23 GET /api/v1/dashboard/home 220.9462ms
2026/06/21 15:55:29 GET /api/v1/candidates 291.7236ms
2026/06/21 15:55:38 POST /api/v1/candidates/bulk-publish 970.749ms
2026/06/21 15:55:38 GET /api/v1/candidates/7f3cb3f3-f4b0-4428-bbf0-e3b994238e64 18.6963ms
2026/06/21 15:55:53 GET /api/v1/chat/summary 19.4321ms
2026/06/21 15:56:12 GET /api/v1/auth/me 58.6972ms
2026/06/21 15:56:12 GET /api/v1/auth/me 13.7633ms
2026/06/21 15:56:12 GET /api/v1/pairings/me 25.7288ms
2026/06/21 15:56:12 GET /api/v1/chat/summary 13.6764ms
2026/06/21 15:56:12 GET /api/v1/notifications/summary 32.067ms
2026/06/21 15:56:12 GET /api/v1/candidates 88.5823ms
2026/06/21 15:56:17 GET /api/v1/candidates/7f3cb3f3-f4b0-4428-bbf0-e3b994238e64 42.1982ms
2026/06/21 15:57:32 GET /api/v1/candidates 198.6539ms
2026/06/21 15:57:37 GET /api/v1/candidates/7f3cb3f3-f4b0-4428-bbf0-e3b994238e64 40.274ms
2026/06/21 15:57:42 GET /api/v1/chat/summary 42.2851ms
2026/06/21 16:02:07 GET /api/v1/chat/summary 583.2888ms
2026/06/21 16:05:30 GET /api/v1/notifications/summary 133.8734ms
2026/06/21 16:05:44 GET /api/v1/chat/summary 80.3578ms
2026/06/21 16:06:14 GET /api/v1/chat/summary 19.0927ms
2026/06/21 16:06:30 GET /api/v1/notifications/summary 51.8051ms
2026/06/21 16:09:30 GET /api/v1/notifications/summary 60.847ms
2026/06/21 16:15:52 POST /api/v1/auth/login 1.6425235s
